2026-02-23 11:03:29 ERROR app.lifespan database init failed
Traceback (most recent call last):
  File "D:\Users\ASUS\Desktop\AI predict1\PD-main\main.py", line 36, in lifespan
    create_tables()
  File "D:\Users\ASUS\Desktop\AI predict1\PD-main\database_setup.py", line 315, in create_tables
    create_database_if_not_exists()
  File "D:\Users\ASUS\Desktop\AI predict1\PD-main\database_setup.py", line 49, in create_database_if_not_exists
    config = get_mysql_config_without_db()
  File "D:\Users\ASUS\Desktop\AI predict1\PD-main\database_setup.py", line 38, in get_mysql_config_without_db
    "host": require_env("MYSQL_HOST"),
  File "D:\Users\ASUS\Desktop\AI predict1\PD-main\database_setup.py", line 34, in require_env
    raise ValueError(f"Missing required env var: {name}")
ValueError: Missing required env var: MYSQL_HOST
2026-02-23 11:03:29 INFO app.lifespan contract expire scheduler started
2026-02-23 15:24:34 ERROR app.lifespan database init failed
Traceback (most recent call last):
  File "D:\Users\ASUS\Desktop\AI predict1\PD-main\main.py", line 36, in lifespan
    create_tables()
  File "D:\Users\ASUS\Desktop\AI predict1\PD-main\database_setup.py", line 315, in create_tables
    create_database_if_not_exists()
  File "D:\Users\ASUS\Desktop\AI predict1\PD-main\database_setup.py", line 49, in create_database_if_not_exists
    config = get_mysql_config_without_db()
  File "D:\Users\ASUS\Desktop\AI predict1\PD-main\database_setup.py", line 38, in get_mysql_config_without_db
    "host": require_env("MYSQL_HOST"),
  File "D:\Users\ASUS\Desktop\AI predict1\PD-main\database_setup.py", line 34, in require_env
    raise ValueError(f"Missing required env var: {name}")
ValueError: Missing required env var: MYSQL_HOST
2026-02-23 15:24:34 INFO app.lifespan contract expire scheduler started
2026-02-23 15:29:40 ERROR app.lifespan database init failed
Traceback (most recent call last):
  File "D:\Users\ASUS\Desktop\AI predict1\PD-main\main.py", line 36, in lifespan
    create_tables()
  File "D:\Users\ASUS\Desktop\AI predict1\PD-main\database_setup.py", line 315, in create_tables
    create_database_if_not_exists()
  File "D:\Users\ASUS\Desktop\AI predict1\PD-main\database_setup.py", line 49, in create_database_if_not_exists
    config = get_mysql_config_without_db()
  File "D:\Users\ASUS\Desktop\AI predict1\PD-main\database_setup.py", line 38, in get_mysql_config_without_db
    "host": require_env("MYSQL_HOST"),
  File "D:\Users\ASUS\Desktop\AI predict1\PD-main\database_setup.py", line 34, in require_env
    raise ValueError(f"Missing required env var: {name}")
ValueError: Missing required env var: MYSQL_HOST
2026-02-23 15:29:40 INFO app.lifespan contract expire scheduler started
2026-03-08 14:33:07 ERROR app.lifespan database init failed
Traceback (most recent call last):
  File "D:\Users\ASUS\Desktop\AI predict1\PD-main\main.py", line 36, in lifespan
    create_tables()
  File "D:\Users\ASUS\Desktop\AI predict1\PD-main\database_setup.py", line 315, in create_tables
    create_database_if_not_exists()
  File "D:\Users\ASUS\Desktop\AI predict1\PD-main\database_setup.py", line 49, in create_database_if_not_exists
    config = get_mysql_config_without_db()
  File "D:\Users\ASUS\Desktop\AI predict1\PD-main\database_setup.py", line 38, in get_mysql_config_without_db
    "host": require_env("MYSQL_HOST"),
  File "D:\Users\ASUS\Desktop\AI predict1\PD-main\database_setup.py", line 34, in require_env
    raise ValueError(f"Missing required env var: {name}")
ValueError: Missing required env var: MYSQL_HOST
2026-03-08 14:33:07 INFO app.lifespan contract expire scheduler started
2026-03-09 16:05:05 ERROR app.lifespan database init failed
Traceback (most recent call last):
  File "D:\Users\ASUS\Desktop\AI predict1\PD-main\main.py", line 36, in lifespan
    create_tables()
  File "D:\Users\ASUS\Desktop\AI predict1\PD-main\database_setup.py", line 315, in create_tables
    create_database_if_not_exists()
  File "D:\Users\ASUS\Desktop\AI predict1\PD-main\database_setup.py", line 49, in create_database_if_not_exists
    config = get_mysql_config_without_db()
  File "D:\Users\ASUS\Desktop\AI predict1\PD-main\database_setup.py", line 38, in get_mysql_config_without_db
    "host": require_env("MYSQL_HOST"),
  File "D:\Users\ASUS\Desktop\AI predict1\PD-main\database_setup.py", line 34, in require_env
    raise ValueError(f"Missing required env var: {name}")
ValueError: Missing required env var: MYSQL_HOST
2026-03-09 16:05:05 INFO app.lifespan contract expire scheduler started
2026-03-10 16:03:11 ERROR app.lifespan database init failed
Traceback (most recent call last):
  File "D:\Users\ASUS\Desktop\AI predict1\PD-main\main.py", line 36, in lifespan
    create_tables()
  File "D:\Users\ASUS\Desktop\AI predict1\PD-main\database_setup.py", line 138, in create_tables
    create_database_if_not_exists()
  File "D:\Users\ASUS\Desktop\AI predict1\PD-main\database_setup.py", line 49, in create_database_if_not_exists
    config = get_mysql_config_without_db()
  File "D:\Users\ASUS\Desktop\AI predict1\PD-main\database_setup.py", line 38, in get_mysql_config_without_db
    "host": require_env("MYSQL_HOST"),
  File "D:\Users\ASUS\Desktop\AI predict1\PD-main\database_setup.py", line 34, in require_env
    raise ValueError(f"Missing required env var: {name}")
ValueError: Missing required env var: MYSQL_HOST
2026-03-10 16:03:12 INFO app.lifespan contract expire scheduler started
2026-03-10 16:04:00 ERROR app.lifespan database init failed
Traceback (most recent call last):
  File "D:\Users\ASUS\Desktop\AI predict1\PD-main\main.py", line 36, in lifespan
    create_tables()
  File "D:\Users\ASUS\Desktop\AI predict1\PD-main\database_setup.py", line 138, in create_tables
    create_database_if_not_exists()
  File "D:\Users\ASUS\Desktop\AI predict1\PD-main\database_setup.py", line 49, in create_database_if_not_exists
    config = get_mysql_config_without_db()
  File "D:\Users\ASUS\Desktop\AI predict1\PD-main\database_setup.py", line 38, in get_mysql_config_without_db
    "host": require_env("MYSQL_HOST"),
  File "D:\Users\ASUS\Desktop\AI predict1\PD-main\database_setup.py", line 34, in require_env
    raise ValueError(f"Missing required env var: {name}")
ValueError: Missing required env var: MYSQL_HOST
2026-03-10 16:04:00 INFO app.lifespan contract expire scheduler started
2026-03-10 16:17:07 ERROR app.lifespan database init failed
Traceback (most recent call last):
  File "D:\Users\ASUS\Desktop\AI predict1\PD-main\main.py", line 36, in lifespan
    create_tables()
  File "D:\Users\ASUS\Desktop\AI predict1\PD-main\database_setup.py", line 138, in create_tables
    create_database_if_not_exists()
  File "D:\Users\ASUS\Desktop\AI predict1\PD-main\database_setup.py", line 49, in create_database_if_not_exists
    config = get_mysql_config_without_db()
  File "D:\Users\ASUS\Desktop\AI predict1\PD-main\database_setup.py", line 38, in get_mysql_config_without_db
    "host": require_env("MYSQL_HOST"),
  File "D:\Users\ASUS\Desktop\AI predict1\PD-main\database_setup.py", line 34, in require_env
    raise ValueError(f"Missing required env var: {name}")
ValueError: Missing required env var: MYSQL_HOST
2026-03-10 16:17:07 INFO app.lifespan contract expire scheduler started
2026-03-13 21:41:55 INFO app.lifespan contract expire scheduler started
2026-03-13 21:55:30 INFO app.lifespan contract expire scheduler started
